# JRE version: Java(TM) SE Runtime Environment (23.0.2+7) (build 23.0.2+7-58)
# Java VM: Java HotSpot(TM) 64-Bit Server VM (23.0.2+7-58, mixed mode, sharing, tiered, compressed oops, compressed class ptrs, g1 gc, windows-amd64)
GC Precious Log:
 CardTable entry size: 512
 Card Set container configuration: InlinePtr #cards 5 size 8 Array Of Cards #cards 10 size 36 Howl #buckets 4 coarsen threshold 1843 Howl Bitmap #cards 512 size 80 coarsen threshold 460 Card regions per heap region 1 cards per card region 2048
 CPUs: 4 total, 4 available
 Memory: 8083M
 Large Page Support: Disabled
 NUMA Support: Disabled
 Compressed Oops: Enabled (32-bit)
 Heap Region Size: 1M
 Heap Min Capacity: 8M
 Heap Initial Capacity: 128M
 Heap Max Capacity: 2G
 Pre-touch: Disabled
 Parallel Workers: 4
 Concurrent Workers: 1
 Concurrent Refinement Workers: 4
 Periodic GC: Disabled
Heap:
 garbage-first heap   total reserved 2097152K, committed 268288K, used 154446K [0x0000000080000000, 0x0000000100000000)
  region size 1024K, 62 young (63488K), 2 survivors (2048K)
 Metaspace       used 124060K, committed 126144K, reserved 557056K
  class space    used 16472K, committed 17472K, reserved 425984K
GC Heap History (20 events):
Event: 50.070 GC heap before
{Heap before GC invocations=73 (full 0):
 garbage-first heap   total reserved 2097152K, committed 219136K, used 196772K [0x0000000080000000, 0x0000000100000000)
  region size 1024K, 128 young (131072K), 15 survivors (15360K)
 Metaspace       used 83769K, committed 85760K, reserved 557056K
  class space    used 11587K, committed 12544K, reserved 425984K
}
Event: 50.110 GC heap after
{Heap after GC invocations=74 (full 0):
 garbage-first heap   total reserved 2097152K, committed 223232K, used 85926K [0x0000000080000000, 0x0000000100000000)
  region size 1024K, 9 young (9216K), 9 survivors (9216K)
 Metaspace       used 83769K, committed 85760K, reserved 557056K
  class space    used 11587K, committed 12544K, reserved 425984K
}
Event: 50.429 GC heap before
{Heap before GC invocations=74 (full 0):
 garbage-first heap   total reserved 2097152K, committed 223232K, used 102310K [0x0000000080000000, 0x0000000100000000)
  region size 1024K, 26 young (26624K), 9 survivors (9216K)
 Metaspace       used 86007K, committed 87936K, reserved 557056K
  class space    used 11884K, committed 12800K, reserved 425984K
}
Event: 50.438 GC heap after
{Heap after GC invocations=75 (full 0):
 garbage-first heap   total reserved 2097152K, committed 268288K, used 86346K [0x0000000080000000, 0x0000000100000000)
  region size 1024K, 9 young (9216K), 9 survivors (9216K)
 Metaspace       used 86007K, committed 87936K, reserved 557056K
  class space    used 11884K, committed 12800K, reserved 425984K
}
Event: 53.012 GC heap before
{Heap before GC invocations=75 (full 0):
 garbage-first heap   total reserved 2097152K, committed 268288K, used 238922K [0x0000000080000000, 0x0000000100000000)
  region size 1024K, 157 young (160768K), 9 survivors (9216K)
 Metaspace       used 98152K, committed 100096K, reserved 557056K
  class space    used 13257K, committed 14208K, reserved 425984K
}
Event: 53.025 GC heap after
{Heap after GC invocations=76 (full 0):
 garbage-first heap   total reserved 2097152K, committed 268288K, used 95654K [0x0000000080000000, 0x0000000100000000)
  region size 1024K, 18 young (18432K), 18 survivors (18432K)
 Metaspace       used 98152K, committed 100096K, reserved 557056K
  class space    used 13257K, committed 14208K, reserved 425984K
}
Event: 53.246 GC heap before
{Heap before GC invocations=76 (full 0):
 garbage-first heap   total reserved 2097152K, committed 268288K, used 106918K [0x0000000080000000, 0x0000000100000000)
  region size 1024K, 31 young (31744K), 18 survivors (18432K)
 Metaspace       used 99999K, committed 101888K, reserved 557056K
  class space    used 13397K, committed 14336K, reserved 425984K
}
Event: 53.265 GC heap after
{Heap after GC invocations=77 (full 0):
 garbage-first heap   total reserved 2097152K, committed 268288K, used 96432K [0x0000000080000000, 0x0000000100000000)
  region size 1024K, 12 young (12288K), 12 survivors (12288K)
 Metaspace       used 99999K, committed 101888K, reserved 557056K
  class space    used 13397K, committed 14336K, reserved 425984K
}
Event: 60.698 GC heap before
{Heap before GC invocations=78 (full 0):
 garbage-first heap   total reserved 2097152K, committed 268288K, used 235553K [0x0000000080000000, 0x0000000100000000)
  region size 1024K, 152 young (155648K), 12 survivors (12288K)
 Metaspace       used 121790K, committed 123840K, reserved 557056K
  class space    used 16174K, committed 17152K, reserved 425984K
}
Event: 60.719 GC heap after
{Heap after GC invocations=79 (full 0):
 garbage-first heap   total reserved 2097152K, committed 268288K, used 100110K [0x0000000080000000, 0x0000000100000000)
  region size 1024K, 17 young (17408K), 17 survivors (17408K)
 Metaspace       used 121790K, committed 123840K, reserved 557056K
  class space    used 16174K, committed 17152K, reserved 425984K
}
Event: 61.921 GC heap before
{Heap before GC invocations=79 (full 0):
 garbage-first heap   total reserved 2097152K, committed 268288K, used 235278K [0x0000000080000000, 0x0000000100000000)
  region size 1024K, 149 young (152576K), 17 survivors (17408K)
 Metaspace       used 122967K, committed 125056K, reserved 557056K
  class space    used 16347K, committed 17344K, reserved 425984K
}
Event: 61.942 GC heap after
{Heap after GC invocations=80 (full 0):
 garbage-first heap   total reserved 2097152K, committed 268288K, used 99727K [0x0000000080000000, 0x0000000100000000)
  region size 1024K, 10 young (10240K), 10 survivors (10240K)
 Metaspace       used 122967K, committed 125056K, reserved 557056K
  class space    used 16347K, committed 17344K, reserved 425984K
}
Event: 62.369 GC heap before
{Heap before GC invocations=80 (full 0):
 garbage-first heap   total reserved 2097152K, committed 268288K, used 243087K [0x0000000080000000, 0x0000000100000000)
  region size 1024K, 150 young (153600K), 10 survivors (10240K)
 Metaspace       used 122991K, committed 125120K, reserved 557056K
  class space    used 16350K, committed 17344K, reserved 425984K
}
Event: 62.395 GC heap after
{Heap after GC invocations=81 (full 0):
 garbage-first heap   total reserved 2097152K, committed 268288K, used 101263K [0x0000000080000000, 0x0000000100000000)
  region size 1024K, 12 young (12288K), 12 survivors (12288K)
 Metaspace       used 122991K, committed 125120K, reserved 557056K
  class space    used 16350K, committed 17344K, reserved 425984K
}
Event: 62.772 GC heap before
{Heap before GC invocations=81 (full 0):
 garbage-first heap   total reserved 2097152K, committed 268288K, used 240527K [0x0000000080000000, 0x0000000100000000)
  region size 1024K, 148 young (151552K), 12 survivors (12288K)
 Metaspace       used 122991K, committed 125120K, reserved 557056K
  class space    used 16350K, committed 17344K, reserved 425984K
}
Event: 62.834 GC heap after
{Heap after GC invocations=82 (full 0):
 garbage-first heap   total reserved 2097152K, committed 268288K, used 104114K [0x0000000080000000, 0x0000000100000000)
  region size 1024K, 8 young (8192K), 8 survivors (8192K)
 Metaspace       used 122991K, committed 125120K, reserved 557056K
  class space    used 16350K, committed 17344K, reserved 425984K
}
Event: 63.298 GC heap before
{Heap before GC invocations=83 (full 0):
 garbage-first heap   total reserved 2097152K, committed 268288K, used 244402K [0x0000000080000000, 0x0000000100000000)
  region size 1024K, 145 young (148480K), 8 survivors (8192K)
 Metaspace       used 122991K, committed 125120K, reserved 557056K
  class space    used 16350K, committed 17344K, reserved 425984K
}
Event: 63.304 GC heap after
{Heap after GC invocations=84 (full 0):
 garbage-first heap   total reserved 2097152K, committed 268288K, used 105650K [0x0000000080000000, 0x0000000100000000)
  region size 1024K, 9 young (9216K), 9 survivors (9216K)
 Metaspace       used 122991K, committed 125120K, reserved 557056K
  class space    used 16350K, committed 17344K, reserved 425984K
}
Event: 63.745 GC heap before
{Heap before GC invocations=84 (full 0):
 garbage-first heap   total reserved 2097152K, committed 268288K, used 243890K [0x0000000080000000, 0x0000000100000000)
  region size 1024K, 144 young (147456K), 9 survivors (9216K)
 Metaspace       used 122998K, committed 125120K, reserved 557056K
  class space    used 16350K, committed 17344K, reserved 425984K
}
Event: 63.747 GC heap after
{Heap after GC invocations=85 (full 0):
 garbage-first heap   total reserved 2097152K, committed 268288K, used 94030K [0x0000000080000000, 0x0000000100000000)
  region size 1024K, 2 young (2048K), 2 survivors (2048K)
 Metaspace       used 122998K, committed 125120K, reserved 557056K
  class space    used 16350K, committed 17344K, reserved 425984K
}

