# JRE version: Java(TM) SE Runtime Environment (23.0.2+7) (build 23.0.2+7-58)
# Java VM: Java HotSpot(TM) 64-Bit Server VM (23.0.2+7-58, mixed mode, sharing, tiered, compressed oops, compressed class ptrs, g1 gc, windows-amd64)
GC Precious Log:
 CardTable entry size: 512
 Card Set container configuration: InlinePtr #cards 5 size 8 Array Of Cards #cards 10 size 36 Howl #buckets 4 coarsen threshold 1843 Howl Bitmap #cards 512 size 80 coarsen threshold 460 Card regions per heap region 1 cards per card region 2048
 CPUs: 4 total, 4 available
 Memory: 8083M
 Large Page Support: Disabled
 NUMA Support: Disabled
 Compressed Oops: Enabled (32-bit)
 Heap Region Size: 1M
 Heap Min Capacity: 8M
 Heap Initial Capacity: 128M
 Heap Max Capacity: 2G
 Pre-touch: Disabled
 Parallel Workers: 4
 Concurrent Workers: 1
 Concurrent Refinement Workers: 4
 Periodic GC: Disabled
Heap:
 garbage-first heap   total reserved 2097152K, committed 152576K, used 97280K [0x0000000080000000, 0x0000000100000000)
  region size 1024K, 5 young (5120K), 5 survivors (5120K)
 Metaspace       used 122663K, committed 124992K, reserved 557056K
  class space    used 16501K, committed 17600K, reserved 425984K
GC Heap History (20 events):
Event: 9.762 GC heap after
{Heap after GC invocations=23 (full 0):
 garbage-first heap   total reserved 2097152K, committed 114688K, used 65356K [0x0000000080000000, 0x0000000100000000)
  region size 1024K, 5 young (5120K), 5 survivors (5120K)
 Metaspace       used 74435K, committed 76160K, reserved 491520K
  class space    used 10668K, committed 11456K, reserved 425984K
}
Event: 10.217 GC heap before
{Heap before GC invocations=23 (full 0):
 garbage-first heap   total reserved 2097152K, committed 114688K, used 102220K [0x0000000080000000, 0x0000000100000000)
  region size 1024K, 41 young (41984K), 5 survivors (5120K)
 Metaspace       used 78431K, committed 80512K, reserved 557056K
  class space    used 11250K, committed 12224K, reserved 425984K
}
Event: 10.224 GC heap after
{Heap after GC invocations=24 (full 0):
 garbage-first heap   total reserved 2097152K, committed 114688K, used 66440K [0x0000000080000000, 0x0000000100000000)
  region size 1024K, 3 young (3072K), 3 survivors (3072K)
 Metaspace       used 78431K, committed 80512K, reserved 557056K
  class space    used 11250K, committed 12224K, reserved 425984K
}
Event: 10.644 GC heap before
{Heap before GC invocations=24 (full 0):
 garbage-first heap   total reserved 2097152K, committed 114688K, used 103304K [0x0000000080000000, 0x0000000100000000)
  region size 1024K, 39 young (39936K), 3 survivors (3072K)
 Metaspace       used 83171K, committed 85248K, reserved 557056K
  class space    used 11853K, committed 12800K, reserved 425984K
}
Event: 10.648 GC heap after
{Heap after GC invocations=25 (full 0):
 garbage-first heap   total reserved 2097152K, committed 114688K, used 68390K [0x0000000080000000, 0x0000000100000000)
  region size 1024K, 5 young (5120K), 5 survivors (5120K)
 Metaspace       used 83171K, committed 85248K, reserved 557056K
  class space    used 11853K, committed 12800K, reserved 425984K
}
Event: 10.856 GC heap before
{Heap before GC invocations=26 (full 0):
 garbage-first heap   total reserved 2097152K, committed 117760K, used 102182K [0x0000000080000000, 0x0000000100000000)
  region size 1024K, 37 young (37888K), 5 survivors (5120K)
 Metaspace       used 84167K, committed 86208K, reserved 557056K
  class space    used 11972K, committed 12928K, reserved 425984K
}
Event: 10.862 GC heap after
{Heap after GC invocations=27 (full 0):
 garbage-first heap   total reserved 2097152K, committed 117760K, used 69901K [0x0000000080000000, 0x0000000100000000)
  region size 1024K, 4 young (4096K), 4 survivors (4096K)
 Metaspace       used 84167K, committed 86208K, reserved 557056K
  class space    used 11972K, committed 12928K, reserved 425984K
}
Event: 11.246 GC heap before
{Heap before GC invocations=27 (full 0):
 garbage-first heap   total reserved 2097152K, committed 117760K, used 105741K [0x0000000080000000, 0x0000000100000000)
  region size 1024K, 39 young (39936K), 4 survivors (4096K)
 Metaspace       used 86336K, committed 88384K, reserved 557056K
  class space    used 12198K, committed 13184K, reserved 425984K
}
Event: 11.254 GC heap after
{Heap after GC invocations=28 (full 0):
 garbage-first heap   total reserved 2097152K, committed 152576K, used 73064K [0x0000000080000000, 0x0000000100000000)
  region size 1024K, 5 young (5120K), 5 survivors (5120K)
 Metaspace       used 86336K, committed 88384K, reserved 557056K
  class space    used 12198K, committed 13184K, reserved 425984K
}
Event: 12.035 GC heap before
{Heap before GC invocations=28 (full 0):
 garbage-first heap   total reserved 2097152K, committed 152576K, used 136552K [0x0000000080000000, 0x0000000100000000)
  region size 1024K, 67 young (68608K), 5 survivors (5120K)
 Metaspace       used 93419K, committed 95552K, reserved 557056K
  class space    used 12965K, committed 13952K, reserved 425984K
}
Event: 12.045 GC heap after
{Heap after GC invocations=29 (full 0):
 garbage-first heap   total reserved 2097152K, committed 152576K, used 77604K [0x0000000080000000, 0x0000000100000000)
  region size 1024K, 8 young (8192K), 8 survivors (8192K)
 Metaspace       used 93419K, committed 95552K, reserved 557056K
  class space    used 12965K, committed 13952K, reserved 425984K
}
Event: 12.774 GC heap before
{Heap before GC invocations=29 (full 0):
 garbage-first heap   total reserved 2097152K, committed 152576K, used 133924K [0x0000000080000000, 0x0000000100000000)
  region size 1024K, 64 young (65536K), 8 survivors (8192K)
 Metaspace       used 101339K, committed 103424K, reserved 557056K
  class space    used 13869K, committed 14848K, reserved 425984K
}
Event: 12.781 GC heap after
{Heap after GC invocations=30 (full 0):
 garbage-first heap   total reserved 2097152K, committed 152576K, used 79183K [0x0000000080000000, 0x0000000100000000)
  region size 1024K, 6 young (6144K), 6 survivors (6144K)
 Metaspace       used 101339K, committed 103424K, reserved 557056K
  class space    used 13869K, committed 14848K, reserved 425984K
}
Event: 13.723 GC heap before
{Heap before GC invocations=30 (full 0):
 garbage-first heap   total reserved 2097152K, committed 152576K, used 137551K [0x0000000080000000, 0x0000000100000000)
  region size 1024K, 63 young (64512K), 6 survivors (6144K)
 Metaspace       used 108963K, committed 111168K, reserved 557056K
  class space    used 14910K, committed 16000K, reserved 425984K
}
Event: 13.730 GC heap after
{Heap after GC invocations=31 (full 0):
 garbage-first heap   total reserved 2097152K, committed 152576K, used 81453K [0x0000000080000000, 0x0000000100000000)
  region size 1024K, 4 young (4096K), 4 survivors (4096K)
 Metaspace       used 108963K, committed 111168K, reserved 557056K
  class space    used 14910K, committed 16000K, reserved 425984K
}
Event: 14.384 GC heap before
{Heap before GC invocations=32 (full 0):
 garbage-first heap   total reserved 2097152K, committed 152576K, used 140845K [0x0000000080000000, 0x0000000100000000)
  region size 1024K, 61 young (62464K), 4 survivors (4096K)
 Metaspace       used 111435K, committed 113728K, reserved 557056K
  class space    used 15223K, committed 16320K, reserved 425984K
}
Event: 14.395 GC heap after
{Heap after GC invocations=33 (full 0):
 garbage-first heap   total reserved 2097152K, committed 152576K, used 87380K [0x0000000080000000, 0x0000000100000000)
  region size 1024K, 8 young (8192K), 8 survivors (8192K)
 Metaspace       used 111435K, committed 113728K, reserved 557056K
  class space    used 15223K, committed 16320K, reserved 425984K
}
Event: 14.882 GC heap before
{Heap before GC invocations=33 (full 0):
 garbage-first heap   total reserved 2097152K, committed 152576K, used 135508K [0x0000000080000000, 0x0000000100000000)
  region size 1024K, 55 young (56320K), 8 survivors (8192K)
 Metaspace       used 113699K, committed 115968K, reserved 557056K
  class space    used 15459K, committed 16512K, reserved 425984K
}
Event: 14.893 GC heap after
{Heap after GC invocations=34 (full 0):
 garbage-first heap   total reserved 2097152K, committed 152576K, used 91749K [0x0000000080000000, 0x0000000100000000)
  region size 1024K, 5 young (5120K), 5 survivors (5120K)
 Metaspace       used 113699K, committed 115968K, reserved 557056K
  class space    used 15459K, committed 16512K, reserved 425984K
}
Event: 16.732 GC heap before
{Heap before GC invocations=34 (full 0):
 garbage-first heap   total reserved 2097152K, committed 152576K, used 138853K [0x0000000080000000, 0x0000000100000000)
  region size 1024K, 51 young (52224K), 5 survivors (5120K)
 Metaspace       used 122663K, committed 124992K, reserved 557056K
  class space    used 16501K, committed 17600K, reserved 425984K
}

